2021-04-12 15:00:47 ERROR LoginController: controllers.LoginController doGet - Error at LoginController-GET:java.lang.NullPointerException
2021-04-12 15:50:43 ERROR LoginController: controllers.LoginController doGet - Error at LoginController-GET:java.lang.NullPointerException
2021-04-12 16:07:30 ERROR LoginController: controllers.LoginController doGet - Error at LoginController-GET:java.lang.NullPointerException
2021-04-12 16:07:38 ERROR LoginController: controllers.LoginController doGet - Error at LoginController-GET:java.lang.NullPointerException
2021-04-12 16:08:02 ERROR LoginController: controllers.LoginController doGet - Error at LoginController-GET:java.lang.NullPointerException
2021-04-12 16:32:09 ERROR LoginController: controllers.LoginController doGet - Error at LoginController-GET:java.lang.NullPointerException
2021-04-13 07:01:05 ERROR LoginController: controllers.LoginController doGet - Error at LoginController-GET:java.lang.NullPointerException
2021-04-13 07:05:03 ERROR LoginController: controllers.LoginController doGet - Error at LoginController-GET:java.lang.NullPointerException
2021-04-13 07:06:32 ERROR LoginController: controllers.LoginController doGet - Error at LoginController-GET:java.lang.NullPointerException
2021-04-13 07:07:20 ERROR LoginController: controllers.LoginController doGet - Error at LoginController-GET:java.lang.NullPointerException
2021-04-13 08:15:50 ERROR LoginController: controllers.LoginController doGet - Error at LoginController-GET:java.lang.NullPointerException
2021-04-13 08:16:26 ERROR SearchController: controllers.SearchController processRequest - Error at SearchController:java.lang.ClassCastException: dtos.User cannot be cast to java.lang.String
2021-04-13 08:16:39 ERROR SearchController: controllers.SearchController processRequest - Error at SearchController:java.lang.ClassCastException: dtos.User cannot be cast to java.lang.String
2021-04-13 08:17:19 ERROR LoginController: controllers.LoginController doGet - Error at LoginController-GET:java.lang.NullPointerException
2021-04-13 08:18:33 ERROR LoginController: controllers.LoginController doGet - Error at LoginController-GET:java.lang.NullPointerException
2021-04-13 08:19:21 ERROR SearchController: controllers.SearchController processRequest - Error at SearchController:java.lang.NullPointerException
2021-04-13 08:19:36 ERROR LoginController: controllers.LoginController doGet - Error at LoginController-GET:java.lang.NullPointerException
2021-04-13 08:25:23 ERROR LoginController: controllers.LoginController doGet - Error at LoginController-GET:java.lang.NullPointerException
2021-04-13 08:25:29 ERROR SearchController: controllers.SearchController processRequest - Error at SearchController:java.lang.NullPointerException
2021-04-13 08:25:32 ERROR LoginController: controllers.LoginController doGet - Error at LoginController-GET:java.lang.NullPointerException
2021-04-13 08:27:20 ERROR LoginController: controllers.LoginController doGet - Error at LoginController-GET:java.lang.NullPointerException
2021-04-13 08:27:25 ERROR SearchController: controllers.SearchController processRequest - Error at SearchController:java.lang.NullPointerException
2021-04-13 08:27:27 ERROR LoginController: controllers.LoginController doGet - Error at LoginController-GET:java.lang.NullPointerException
2021-04-13 08:27:31 ERROR SearchController: controllers.SearchController processRequest - Error at SearchController:java.lang.NullPointerException
2021-04-13 08:28:36 ERROR SearchController: controllers.SearchController processRequest - Error at SearchController:java.lang.NullPointerException
2021-04-13 08:29:54 ERROR LoginController: controllers.LoginController doGet - Error at LoginController-GET:java.lang.NullPointerException
2021-04-13 08:30:38 ERROR SearchController: controllers.SearchController processRequest - Error at SearchController:java.lang.NullPointerException
2021-04-13 08:30:53 ERROR LoginController: controllers.LoginController doGet - Error at LoginController-GET:java.lang.NullPointerException
2021-04-13 08:34:12 ERROR SearchController: controllers.SearchController processRequest - Error at SearchController:java.lang.NullPointerException
2021-04-13 08:34:13 ERROR LoginController: controllers.LoginController doGet - Error at LoginController-GET:java.lang.NullPointerException
2021-04-13 08:36:06 ERROR SearchController: controllers.SearchController processRequest - Error at SearchController:java.lang.NullPointerException
2021-04-13 08:36:08 ERROR LoginController: controllers.LoginController doGet - Error at LoginController-GET:java.lang.NullPointerException
2021-04-13 08:36:14 ERROR SearchController: controllers.SearchController processRequest - Error at SearchController:java.lang.NullPointerException
2021-04-13 08:36:15 ERROR LoginController: controllers.LoginController doGet - Error at LoginController-GET:java.lang.NullPointerException
2021-04-13 08:37:01 ERROR SearchController: controllers.SearchController processRequest - Error at SearchController:java.lang.NullPointerException
2021-04-13 08:37:06 ERROR LoginController: controllers.LoginController doGet - Error at LoginController-GET:java.lang.NullPointerException
2021-04-13 08:38:19 ERROR LoginController: controllers.LoginController doGet - Error at LoginController-GET:java.lang.NullPointerException
2021-04-13 08:39:02 ERROR SearchController: controllers.SearchController processRequest - Error at SearchController:java.lang.NullPointerException
2021-04-13 08:39:04 ERROR LoginController: controllers.LoginController doGet - Error at LoginController-GET:java.lang.NullPointerException
2021-04-13 08:39:09 ERROR SearchController: controllers.SearchController processRequest - Error at SearchController:java.lang.NullPointerException
2021-04-13 08:39:23 ERROR SearchController: controllers.SearchController processRequest - Error at SearchController:java.lang.NullPointerException
2021-04-13 08:39:27 ERROR SearchController: controllers.SearchController processRequest - Error at SearchController:java.lang.NullPointerException
2021-04-13 08:45:55 ERROR SearchController: controllers.SearchController processRequest - Error at SearchController:java.lang.NullPointerException
2021-04-13 08:45:58 ERROR LoginController: controllers.LoginController doGet - Error at LoginController-GET:java.lang.NullPointerException
2021-04-13 08:46:06 ERROR SearchController: controllers.SearchController processRequest - Error at SearchController:java.lang.NullPointerException
2021-04-13 08:46:11 ERROR SearchController: controllers.SearchController processRequest - Error at SearchController:java.lang.NullPointerException
2021-04-13 08:46:12 ERROR LoginController: controllers.LoginController doGet - Error at LoginController-GET:java.lang.NullPointerException
2021-04-13 08:51:48 ERROR SearchController: controllers.SearchController processRequest - Error at SearchController:java.lang.NullPointerException
2021-04-13 08:51:49 ERROR LoginController: controllers.LoginController doGet - Error at LoginController-GET:java.lang.NullPointerException
2021-04-13 08:52:07 ERROR SearchController: controllers.SearchController processRequest - Error at SearchController:java.lang.NullPointerException
2021-04-13 08:52:30 ERROR SearchController: controllers.SearchController processRequest - Error at SearchController:java.lang.NumberFormatException: For input string: "asd"
2021-04-13 08:53:00 ERROR SearchController: controllers.SearchController processRequest - Error at SearchController:java.lang.NullPointerException
2021-04-13 08:53:01 ERROR LoginController: controllers.LoginController doGet - Error at LoginController-GET:java.lang.NullPointerException
2021-04-13 08:53:09 ERROR SearchController: controllers.SearchController processRequest - Error at SearchController:java.lang.NumberFormatException: For input string: "asd"
2021-04-13 08:53:48 ERROR SearchController: controllers.SearchController processRequest - Error at SearchController:java.lang.NullPointerException
2021-04-13 08:53:53 ERROR SearchController: controllers.SearchController processRequest - Error at SearchController:java.lang.NullPointerException
2021-04-13 08:53:59 ERROR SearchController: controllers.SearchController processRequest - Error at SearchController:java.lang.NullPointerException
2021-04-13 09:20:37 ERROR SearchController: controllers.SearchController processRequest - Error at SearchController:java.lang.NullPointerException
2021-04-13 09:20:41 ERROR SearchController: controllers.SearchController processRequest - Error at SearchController:java.lang.NullPointerException
2021-04-13 09:20:59 ERROR UpdateFoodController: controllers.admin.UpdateFoodController doGet - Error at UpdateFoodController:java.lang.NullPointerException
2021-04-13 09:21:24 ERROR LoginController: controllers.LoginController doGet - Error at LoginController-GET:java.lang.NullPointerException
2021-04-13 09:22:21 ERROR UpdateFoodController: controllers.admin.UpdateFoodController doGet - Error at UpdateFoodController:java.lang.NullPointerException
2021-04-13 09:22:33 ERROR UpdateFoodController: controllers.admin.UpdateFoodController doGet - Error at UpdateFoodController:java.lang.NullPointerException
2021-04-13 09:22:36 ERROR UpdateFoodController: controllers.admin.UpdateFoodController doGet - Error at UpdateFoodController:java.lang.NullPointerException
2021-04-13 09:22:41 ERROR UpdateFoodController: controllers.admin.UpdateFoodController doGet - Error at UpdateFoodController:java.lang.NullPointerException
2021-04-13 09:23:01 ERROR LoginController: controllers.LoginController doGet - Error at LoginController-GET:java.lang.NullPointerException
2021-04-13 09:33:28 ERROR LoginController: controllers.LoginController doGet - Error at LoginController-GET:java.lang.NullPointerException
2021-04-13 10:10:03 ERROR UpdateFoodController: controllers.admin.UpdateFoodController doPost - Error at UpdateFoodController:java.lang.NullPointerException
2021-04-13 10:10:24 ERROR UpdateFoodController: controllers.admin.UpdateFoodController doPost - Error at UpdateFoodController:java.lang.NullPointerException
2021-04-13 10:40:21 ERROR DeleteFoodController: controllers.admin.DeleteFoodController processRequest - Error at UpdateFoodController:java.lang.NullPointerException
2021-04-13 10:40:47 ERROR LoginController: controllers.LoginController doGet - Error at LoginController-GET:java.lang.NullPointerException
2021-04-13 10:41:40 ERROR DeleteFoodController: controllers.admin.DeleteFoodController processRequest - Error at UpdateFoodController:java.lang.NullPointerException
2021-04-13 14:48:11 ERROR AddNewFoodController: controllers.admin.AddNewFoodController doPost - Error at AddNewFoodController:java.lang.Exception
2021-04-13 14:49:03 ERROR UpdateFoodController: controllers.admin.UpdateFoodController doPost - Error at UpdateFoodController:java.lang.Exception
2021-04-13 15:23:01 ERROR SearchController: controllers.SearchController processRequest - Error at SearchController:java.lang.NullPointerException
2021-04-13 15:23:46 ERROR SearchController: controllers.SearchController processRequest - Error at SearchController:java.lang.NullPointerException
2021-04-13 15:25:11 ERROR LoginController: controllers.LoginController doGet - Error at LoginController-GET:java.lang.NullPointerException
2021-04-13 15:26:46 ERROR SearchController: controllers.SearchController processRequest - Error at SearchController:java.lang.NullPointerException
2021-04-13 15:26:52 ERROR LoginController: controllers.LoginController doGet - Error at LoginController-GET:java.lang.NullPointerException
2021-04-13 15:44:12 ERROR SearchController: controllers.SearchController processRequest - Error at SearchController:java.lang.NullPointerException
2021-04-13 15:45:02 ERROR LoginController: controllers.LoginController doGet - Error at LoginController-GET:java.lang.NullPointerException
2021-04-13 16:22:55 ERROR LoginController: controllers.LoginController doGet - Error at LoginController-GET:java.lang.NullPointerException
2021-04-13 16:23:05 ERROR SearchController: controllers.SearchController processRequest - Error at SearchController:java.lang.NullPointerException
2021-04-13 16:23:12 ERROR SearchController: controllers.SearchController processRequest - Error at SearchController:java.lang.NullPointerException
2021-04-13 16:24:19 ERROR LoginController: controllers.LoginController doGet - Error at LoginController-GET:java.lang.NullPointerException
2021-04-13 16:24:25 ERROR SearchController: controllers.SearchController processRequest - Error at SearchController:java.lang.NullPointerException
2021-04-13 16:25:03 ERROR SearchController: controllers.SearchController processRequest - Error at SearchController:java.lang.NullPointerException
2021-04-13 16:25:26 ERROR LoginController: controllers.LoginController doGet - Error at LoginController-GET:java.lang.NullPointerException
2021-04-13 16:25:34 ERROR SearchController: controllers.SearchController processRequest - Error at SearchController:java.lang.NullPointerException
2021-04-13 16:26:25 ERROR SearchController: controllers.SearchController processRequest - Error at SearchController:java.lang.NullPointerException
2021-04-13 16:27:16 ERROR LoginController: controllers.LoginController doGet - Error at LoginController-GET:java.lang.NullPointerException
2021-04-13 16:27:23 ERROR SearchController: controllers.SearchController processRequest - Error at SearchController:java.lang.NullPointerException
2021-04-13 16:28:46 ERROR SearchController: controllers.SearchController processRequest - Error at SearchController:java.lang.NullPointerException
2021-04-13 16:29:03 ERROR LoginController: controllers.LoginController doGet - Error at LoginController-GET:java.lang.NullPointerException
2021-04-13 16:29:32 ERROR SearchController: controllers.SearchController processRequest - Error at SearchController:java.lang.NullPointerException
2021-04-13 16:30:21 ERROR LoginController: controllers.LoginController doGet - Error at LoginController-GET:java.lang.NullPointerException
2021-04-13 16:34:26 ERROR SearchController: controllers.SearchController processRequest - Error at SearchController:java.lang.NullPointerException
2021-04-13 16:34:47 ERROR SearchController: controllers.SearchController processRequest - Error at SearchController:java.lang.NullPointerException
2021-04-13 16:37:37 ERROR SearchController: controllers.SearchController processRequest - Error at SearchController:java.lang.NumberFormatException: null
2021-04-13 16:38:07 ERROR SearchController: controllers.SearchController processRequest - Error at SearchController:java.lang.NumberFormatException: null
2021-04-13 16:39:34 ERROR SearchController: controllers.SearchController processRequest - Error at SearchController:java.lang.NumberFormatException: null
2021-04-13 16:40:25 ERROR SearchController: controllers.SearchController processRequest - Error at SearchController:java.lang.NullPointerException
2021-04-13 16:40:33 ERROR SearchController: controllers.SearchController processRequest - Error at SearchController:java.lang.NullPointerException
2021-04-13 16:40:49 ERROR SearchController: controllers.SearchController processRequest - Error at SearchController:java.lang.NullPointerException
2021-04-13 16:41:02 ERROR SearchController: controllers.SearchController processRequest - Error at SearchController:java.lang.NullPointerException
2021-04-13 16:41:34 ERROR LoginController: controllers.LoginController doGet - Error at LoginController-GET:java.lang.NullPointerException
2021-04-13 16:42:55 ERROR SearchController: controllers.SearchController processRequest - Error at SearchController:java.lang.NullPointerException
2021-04-13 16:44:14 ERROR SearchController: controllers.SearchController processRequest - Error at SearchController:java.lang.NullPointerException
2021-04-13 16:44:59 ERROR SearchController: controllers.SearchController processRequest - Error at SearchController:java.lang.NullPointerException
2021-04-13 16:46:41 ERROR SearchController: controllers.SearchController processRequest - Error at SearchController:java.lang.NullPointerException
2021-04-13 16:54:43 ERROR LoginController: controllers.LoginController doGet - Error at LoginController-GET:java.lang.NullPointerException
2021-04-13 16:55:06 ERROR SearchController: controllers.SearchController processRequest - Error at SearchController:java.lang.NullPointerException
2021-04-13 16:58:08 ERROR LoginController: controllers.LoginController doGet - Error at LoginController-GET:java.lang.NullPointerException
2021-04-13 17:02:21 ERROR SearchController: controllers.SearchController processRequest - Error at SearchController:java.lang.NullPointerException
2021-04-13 17:04:03 ERROR SearchController: controllers.SearchController processRequest - Error at SearchController:java.lang.NullPointerException
2021-04-13 17:07:37 ERROR LoginController: controllers.LoginController doGet - Error at LoginController-GET:java.lang.NullPointerException
2021-04-13 17:07:52 ERROR SearchController: controllers.SearchController processRequest - Error at SearchController:java.lang.NullPointerException
2021-04-13 17:08:51 ERROR SearchController: controllers.SearchController processRequest - Error at SearchController:java.lang.NullPointerException
2021-04-13 17:11:37 ERROR SearchController: controllers.SearchController processRequest - Error at SearchController:java.lang.NullPointerException
2021-04-13 17:16:43 ERROR SearchController: controllers.SearchController processRequest - Error at SearchController:java.lang.NullPointerException
2021-04-13 17:40:59 ERROR SearchController: controllers.SearchController processRequest - Error at SearchController:java.lang.NullPointerException
2021-04-13 17:42:10 ERROR LoginController: controllers.LoginController doGet - Error at LoginController-GET:java.lang.NullPointerException
2021-04-13 17:42:27 ERROR SearchController: controllers.SearchController processRequest - Error at SearchController:java.lang.NullPointerException
2021-04-13 17:48:28 ERROR LoginController: controllers.LoginController doGet - Error at LoginController-GET:java.lang.NullPointerException
2021-04-13 17:48:44 ERROR SearchController: controllers.SearchController processRequest - Error at SearchController:java.lang.NullPointerException
2021-04-13 17:50:45 ERROR SearchController: controllers.SearchController processRequest - Error at SearchController:java.lang.NullPointerException
2021-04-13 17:51:01 ERROR SearchController: controllers.SearchController processRequest - Error at SearchController:java.lang.NullPointerException
2021-04-13 17:51:29 ERROR LoginController: controllers.LoginController doGet - Error at LoginController-GET:java.lang.NullPointerException
2021-04-13 17:51:40 ERROR SearchController: controllers.SearchController processRequest - Error at SearchController:java.lang.NullPointerException
2021-04-13 18:01:04 ERROR SearchController: controllers.SearchController processRequest - Error at SearchController:java.lang.NullPointerException
2021-04-13 18:25:40 ERROR LoginController: controllers.LoginController doGet - Error at LoginController-GET:java.lang.NullPointerException
2021-04-13 18:25:47 ERROR SearchController: controllers.SearchController processRequest - Error at SearchController:java.lang.NullPointerException
2021-04-13 18:27:00 ERROR SearchController: controllers.SearchController processRequest - Error at SearchController:java.lang.NullPointerException
2021-04-13 18:36:20 ERROR LoginController: controllers.LoginController doGet - Error at LoginController-GET:java.lang.NullPointerException
2021-04-13 18:36:27 ERROR SearchController: controllers.SearchController processRequest - Error at SearchController:java.lang.NullPointerException
2021-04-13 20:14:12 ERROR SearchController: controllers.SearchController processRequest - Error at SearchController:java.lang.NullPointerException
2021-04-13 20:17:10 ERROR SearchController: controllers.SearchController processRequest - Error at SearchController:java.lang.NullPointerException
2021-04-13 20:24:07 ERROR SearchController: controllers.SearchController processRequest - Error at SearchController:java.lang.NullPointerException
2021-04-13 20:25:42 ERROR SearchController: controllers.SearchController processRequest - Error at SearchController:java.lang.NullPointerException
2021-04-13 20:26:20 ERROR SearchController: controllers.SearchController processRequest - Error at SearchController:java.lang.NullPointerException
2021-04-13 20:27:46 ERROR SearchController: controllers.SearchController processRequest - Error at SearchController:java.lang.NullPointerException
2021-04-13 20:33:10 ERROR SearchController: controllers.SearchController processRequest - Error at SearchController:java.lang.NullPointerException
2021-04-13 20:33:14 ERROR SearchController: controllers.SearchController processRequest - Error at SearchController:java.lang.NullPointerException
2021-04-13 20:38:19 ERROR LoginController: controllers.LoginController doGet - Error at LoginController-GET:java.lang.NullPointerException
2021-04-13 20:38:30 ERROR LoginController: controllers.LoginController doGet - Error at LoginController-GET:java.lang.NullPointerException
2021-04-13 20:38:43 ERROR LoginController: controllers.LoginController doGet - Error at LoginController-GET:java.lang.NullPointerException
2021-04-13 20:40:09 ERROR LoginController: controllers.LoginController doGet - Error at LoginController-GET:java.lang.NullPointerException
2021-04-13 20:40:25 ERROR LoginController: controllers.LoginController doGet - Error at LoginController-GET:java.lang.NullPointerException
2021-04-13 20:40:44 ERROR LoginController: controllers.LoginController doGet - Error at LoginController-GET:java.lang.NullPointerException
2021-04-13 20:45:16 ERROR LoginController: controllers.LoginController doGet - Error at LoginController-GET:java.lang.NullPointerException
2021-04-13 20:54:45 ERROR LoginController: controllers.LoginController doGet - Error at LoginController-GET:java.lang.NullPointerException
2021-04-13 20:54:59 ERROR LoginController: controllers.LoginController doGet - Error at LoginController-GET:java.lang.NullPointerException
2021-04-13 20:55:10 ERROR LoginController: controllers.LoginController doGet - Error at LoginController-GET:java.lang.NullPointerException
2021-04-13 20:55:18 ERROR LoginController: controllers.LoginController doGet - Error at LoginController-GET:java.lang.NullPointerException
2021-04-13 20:55:54 ERROR LoginController: controllers.LoginController doGet - Error at LoginController-GET:java.lang.NullPointerException
2021-04-13 21:00:59 ERROR LoginController: controllers.LoginController doGet - Error at LoginController-GET:java.lang.NullPointerException
2021-04-14 06:56:20 ERROR LoginController: controllers.LoginController doGet - Error at LoginController-GET:java.lang.NullPointerException
2021-04-14 07:03:04 ERROR LoginController: controllers.LoginController doGet - Error at LoginController-GET:java.lang.NullPointerException
2021-04-14 07:05:40 ERROR LoginController: controllers.LoginController doGet - Error at LoginController-GET:java.lang.NullPointerException
2021-04-14 07:09:07 ERROR LoginController: controllers.LoginController doGet - Error at LoginController-GET:java.lang.NullPointerException
2021-04-14 07:12:35 ERROR LoginController: controllers.LoginController doGet - Error at LoginController-GET:java.lang.NullPointerException
2021-04-14 07:56:04 ERROR UserCartController: controllers.user.UserCartController doPost - Error at UserCartController:java.util.ConcurrentModificationException
2021-04-14 07:56:08 ERROR UserCartController: controllers.user.UserCartController doPost - Error at UserCartController:java.util.ConcurrentModificationException
2021-04-14 07:57:00 ERROR UserCartController: controllers.user.UserCartController doPost - Error at UserCartController:java.util.ConcurrentModificationException
2021-04-14 07:58:54 ERROR UserCartController: controllers.user.UserCartController doPost - Error at UserCartController:java.util.ConcurrentModificationException
2021-04-14 07:59:01 ERROR UserCartController: controllers.user.UserCartController doPost - Error at UserCartController:java.util.ConcurrentModificationException
2021-04-14 07:59:26 ERROR LoginController: controllers.LoginController doGet - Error at LoginController-GET:java.lang.NullPointerException
2021-04-14 08:03:03 ERROR UserCartController: controllers.user.UserCartController doPost - Error at UserCartController:java.util.ConcurrentModificationException
2021-04-14 08:04:51 ERROR LoginController: controllers.LoginController doGet - Error at LoginController-GET:java.lang.NullPointerException
2021-04-14 09:21:01 ERROR LoginController: controllers.LoginController doGet - Error at LoginController-GET:java.lang.NullPointerException
2021-04-14 09:30:48 ERROR LoginController: controllers.LoginController doGet - Error at LoginController-GET:java.lang.NullPointerException
2021-04-14 10:02:51 ERROR UserCartController: controllers.user.UserCartController doPost - Error at UserCartController:java.lang.NullPointerException
2021-04-14 10:05:11 ERROR UserCartController: controllers.user.UserCartController doPost - Error at UserCartController:java.lang.NullPointerException
2021-04-14 10:05:35 ERROR LoginController: controllers.LoginController doGet - Error at LoginController-GET:java.lang.NullPointerException
2021-04-14 10:05:49 ERROR UserCartController: controllers.user.UserCartController doPost - Error at UserCartController:java.lang.NullPointerException
2021-04-14 10:06:43 ERROR LoginController: controllers.LoginController doGet - Error at LoginController-GET:java.lang.NullPointerException
2021-04-14 10:06:57 ERROR UserCartController: controllers.user.UserCartController doPost - Error at UserCartController:java.lang.NullPointerException
2021-04-14 10:08:06 ERROR UserCartController: controllers.user.UserCartController doPost - Error at UserCartController:java.lang.NullPointerException
2021-04-14 14:41:10 ERROR LoginController: controllers.LoginController doGet - Error at LoginController-GET:java.lang.NullPointerException
2021-04-14 15:09:54 ERROR UserCartController: controllers.user.UserCartController doPost - Error at UserCartController:java.lang.Exception
2021-04-14 15:10:01 ERROR UserCartController: controllers.user.UserCartController doPost - Error at UserCartController:java.lang.Exception
2021-04-14 15:11:10 ERROR LoginController: controllers.LoginController doGet - Error at LoginController-GET:java.lang.NullPointerException
2021-04-14 15:14:13 ERROR UserCartController: controllers.user.UserCartController doPost - Error at UserCartController:java.lang.Exception
2021-04-14 15:39:32 ERROR LoginController: controllers.LoginController doGet - Error at LoginController-GET:java.lang.NullPointerException
2021-04-14 15:41:42 ERROR LoginController: controllers.LoginController doGet - Error at LoginController-GET:java.lang.NullPointerException
2021-04-14 15:43:57 ERROR LoginController: controllers.LoginController doGet - Error at LoginController-GET:java.lang.NullPointerException
2021-04-14 16:04:04 ERROR LoginController: controllers.LoginController doGet - Error at LoginController-GET:java.lang.NullPointerException
2021-04-14 17:30:49 ERROR LoginController: controllers.LoginController doGet - Error at LoginController-GET:java.lang.NullPointerException
2021-04-14 17:32:07 ERROR LoginController: controllers.LoginController doGet - Error at LoginController-GET:java.lang.NullPointerException
2021-04-14 17:32:32 ERROR LoginController: controllers.LoginController doGet - Error at LoginController-GET:java.lang.NullPointerException
2021-04-14 18:14:36 ERROR LoginController: controllers.LoginController doGet - Error at LoginController-GET:java.lang.NullPointerException
2021-04-14 18:15:18 ERROR LoginController: controllers.LoginController doGet - Error at LoginController-GET:java.lang.NullPointerException
2021-04-14 18:16:57 ERROR LoginController: controllers.LoginController doGet - Error at LoginController-GET:java.lang.NullPointerException
2021-04-14 18:17:44 ERROR LoginController: controllers.LoginController doGet - Error at LoginController-GET:java.lang.NullPointerException
2021-04-14 18:19:42 ERROR LoginController: controllers.LoginController doGet - Error at LoginController-GET:java.lang.NullPointerException
2021-04-14 18:28:47 ERROR LoginController: controllers.LoginController doGet - Error at LoginController-GET:java.lang.NullPointerException
2021-04-14 18:33:37 ERROR LoginController: controllers.LoginController doGet - Error at LoginController-GET:java.lang.NullPointerException
2021-04-14 18:35:43 ERROR LoginController: controllers.LoginController doGet - Error at LoginController-GET:java.lang.NullPointerException
2021-04-14 18:43:13 ERROR LoginController: controllers.LoginController doGet - Error at LoginController-GET:java.lang.NullPointerException
2021-04-14 18:49:35 ERROR UserHistorySearchController: controllers.user.UserHistorySearchController processRequest - Error at UserHistorySearchController:java.lang.NullPointerException
2021-04-14 18:50:28 ERROR UserHistorySearchController: controllers.user.UserHistorySearchController processRequest - Error at UserHistorySearchController:java.lang.NullPointerException
2021-04-14 19:17:17 ERROR LoginController: controllers.LoginController doGet - Error at LoginController-GET:java.lang.NullPointerException
2021-04-14 19:17:39 ERROR UserCartController: controllers.user.UserCartController doPost - Error at UserCartController:java.lang.NullPointerException
2021-04-14 19:17:54 ERROR UserHistorySearchController: controllers.user.UserHistorySearchController processRequest - Error at UserHistorySearchController:java.lang.NullPointerException
2021-04-14 19:20:03 ERROR LoginController: controllers.LoginController doGet - Error at LoginController-GET:java.lang.NullPointerException
2021-04-15 07:11:51 ERROR LoginController: controllers.LoginController doGet - Error at LoginController-GET:java.lang.NullPointerException
2021-04-15 07:13:12 ERROR UserCartController: controllers.user.UserCartController doPost - Error at UserCartController:java.lang.NumberFormatException
2021-04-15 07:13:26 ERROR UserCartController: controllers.user.UserCartController doPost - Error at UserCartController:java.lang.NullPointerException
2021-04-22 09:19:16 ERROR LoginController: controllers.LoginController doGet - Error at LoginController-GET:java.lang.NullPointerException
2021-04-22 09:35:46 ERROR UpdateQuantityInCartController: controllers.user.UpdateQuantityInCartController processRequest - Error at UserCartController:java.lang.NullPointerException
2021-04-22 09:35:47 ERROR UpdateQuantityInCartController: controllers.user.UpdateQuantityInCartController processRequest - Error at UserCartController:java.lang.NullPointerException
2021-04-22 09:35:47 ERROR UpdateQuantityInCartController: controllers.user.UpdateQuantityInCartController processRequest - Error at UserCartController:java.lang.NullPointerException
2021-04-22 09:42:03 ERROR UserCartController: controllers.user.UserCartController doPost - Error at UserCartController:java.lang.NullPointerException
2021-04-22 09:43:37 ERROR UserCartController: controllers.user.UserCartController doPost - Error at UserCartController:java.lang.NullPointerException
2021-04-22 09:52:27 ERROR UpdateFoodController: controllers.admin.UpdateFoodController doPost - Error at UpdateFoodController:java.lang.Exception
2021-04-22 09:52:37 ERROR UpdateFoodController: controllers.admin.UpdateFoodController doPost - Error at UpdateFoodController:java.lang.Exception
